2021-05-16 12:04:01,152 INFO com.spe.mncManagement.controller.ProjectController [http-nio-8764-exec-3] returning list of all the projects
2021-05-16 12:04:19,902 INFO com.spe.mncManagement.controller.EmployeeController [http-nio-8764-exec-7] user details updated
2021-05-16 12:04:26,601 INFO com.spe.mncManagement.controller.ProjectController [http-nio-8764-exec-10] returning list of all the projects
2021-05-16 12:04:34,965 INFO com.spe.mncManagement.controller.MainController [http-nio-8764-exec-1] login : successful
2021-05-16 12:04:34,990 INFO com.spe.mncManagement.controller.ProjectController [http-nio-8764-exec-2] returning list of active projects for empID
2021-05-16 12:04:34,991 INFO com.spe.mncManagement.controller.ProjectController [http-nio-8764-exec-3] returning list of completed projects for empID
2021-05-16 12:04:58,364 INFO com.spe.mncManagement.controller.MainController [http-nio-8764-exec-6] login : successful
2021-05-16 12:04:58,383 INFO com.spe.mncManagement.controller.ProjectController [http-nio-8764-exec-7] returning list of all the projects
2021-05-16 12:05:03,080 INFO com.spe.mncManagement.controller.ProjectController [http-nio-8764-exec-10] returning list of all the requests
2021-05-16 12:05:07,843 INFO com.spe.mncManagement.controller.ProjectController [http-nio-8764-exec-1] returning list of all the projects
2021-05-16 12:05:26,321 INFO com.spe.mncManagement.controller.MainController [http-nio-8764-exec-2] login : successful
2021-05-16 12:05:26,344 INFO com.spe.mncManagement.controller.ProjectController [http-nio-8764-exec-4] returning list of completed projects for empID
2021-05-16 12:05:26,344 INFO com.spe.mncManagement.controller.ProjectController [http-nio-8764-exec-5] returning list of active projects for empID
2021-05-16 12:05:32,508 INFO com.spe.mncManagement.controller.ProjectController [http-nio-8764-exec-8] returning list of available projects for empID
2021-05-16 12:05:43,505 INFO com.spe.mncManagement.controller.ProjectController [http-nio-8764-exec-1] added project request
2021-05-16 12:05:44,877 INFO com.spe.mncManagement.controller.ProjectController [http-nio-8764-exec-3] returning list of available projects for empID
2021-05-16 12:05:49,688 INFO com.spe.mncManagement.controller.ProjectController [http-nio-8764-exec-4] returning request status based on empID
2021-05-16 12:06:00,157 INFO com.spe.mncManagement.controller.MainController [http-nio-8764-exec-7] login : successful
2021-05-16 12:06:00,176 INFO com.spe.mncManagement.controller.ProjectController [http-nio-8764-exec-6] returning list of all the projects
2021-05-16 12:06:04,129 INFO com.spe.mncManagement.controller.ProjectController [http-nio-8764-exec-8] returning list of all the requests
2021-05-16 12:06:08,438 INFO com.spe.mncManagement.controller.ProjectController [http-nio-8764-exec-1] request approved
2021-05-16 12:06:08,466 INFO com.spe.mncManagement.controller.ProjectController [http-nio-8764-exec-1] request rejected
2021-05-16 12:06:09,784 INFO com.spe.mncManagement.controller.ProjectController [http-nio-8764-exec-3] returning list of all the projects
2021-05-16 12:06:18,432 INFO com.spe.mncManagement.controller.MainController [http-nio-8764-exec-4] login : successful
2021-05-16 12:06:18,452 INFO com.spe.mncManagement.controller.ProjectController [http-nio-8764-exec-5] returning list of active projects for empID
2021-05-16 12:06:18,457 INFO com.spe.mncManagement.controller.ProjectController [http-nio-8764-exec-7] returning list of completed projects for empID
2021-05-16 12:06:24,797 INFO com.spe.mncManagement.controller.ProjectController [http-nio-8764-exec-10] returning request status based on empID
2021-05-16 12:06:28,544 INFO com.spe.mncManagement.controller.ProjectController [http-nio-8764-exec-1] returning list of available projects for empID
2021-05-16 12:06:29,982 INFO com.spe.mncManagement.controller.ProjectController [http-nio-8764-exec-3] added project request
2021-05-16 12:06:31,225 INFO com.spe.mncManagement.controller.ProjectController [http-nio-8764-exec-4] returning list of available projects for empID
2021-05-16 12:06:33,861 INFO com.spe.mncManagement.controller.ProjectController [http-nio-8764-exec-5] returning list of active projects for empID
2021-05-16 12:06:33,864 INFO com.spe.mncManagement.controller.ProjectController [http-nio-8764-exec-7] returning list of completed projects for empID
2021-05-16 12:06:41,339 INFO com.spe.mncManagement.controller.MainController [http-nio-8764-exec-10] login : successful
2021-05-16 12:06:41,361 INFO com.spe.mncManagement.controller.ProjectController [http-nio-8764-exec-9] returning list of all the projects
2021-05-16 12:06:45,241 INFO com.spe.mncManagement.controller.ProjectController [http-nio-8764-exec-3] returning list of all the requests
2021-05-16 12:06:48,186 INFO com.spe.mncManagement.controller.ProjectController [http-nio-8764-exec-2] request approved
2021-05-16 12:06:48,202 INFO com.spe.mncManagement.controller.ProjectController [http-nio-8764-exec-2] request rejected
2021-05-16 12:06:49,368 INFO com.spe.mncManagement.controller.ProjectController [http-nio-8764-exec-4] returning list of all the projects
2021-05-16 12:06:51,054 INFO com.spe.mncManagement.controller.ProjectController [http-nio-8764-exec-7] returning list of all the requests
2021-05-16 12:06:59,934 INFO com.spe.mncManagement.controller.MainController [http-nio-8764-exec-8] login : successful
2021-05-16 12:06:59,947 INFO com.spe.mncManagement.controller.ProjectController [http-nio-8764-exec-10] returning list of active projects for empID
2021-05-16 12:06:59,948 INFO com.spe.mncManagement.controller.ProjectController [http-nio-8764-exec-9] returning list of completed projects for empID
2021-05-16 12:07:16,104 INFO com.spe.mncManagement.controller.MainController [http-nio-8764-exec-2] login : successful
2021-05-16 12:07:16,125 INFO com.spe.mncManagement.controller.ProjectController [http-nio-8764-exec-4] returning list of all the projects
2021-05-16 12:07:19,322 INFO com.spe.mncManagement.controller.ProjectController [http-nio-8764-exec-5] returning list of all the projects
2021-05-16 12:07:22,650 INFO com.spe.mncManagement.controller.ProjectController [http-nio-8764-exec-6] returning project based on ID
2021-05-16 12:07:24,411 INFO com.spe.mncManagement.controller.ProjectController [http-nio-8764-exec-10] project deleted
2021-05-16 12:07:25,748 INFO com.spe.mncManagement.controller.ProjectController [http-nio-8764-exec-1] returning list of all the projects
2021-05-16 12:07:32,752 INFO com.spe.mncManagement.controller.MainController [http-nio-8764-exec-2] login : successful
2021-05-16 12:07:32,770 INFO com.spe.mncManagement.controller.ProjectController [http-nio-8764-exec-4] returning list of active projects for empID
2021-05-16 12:07:32,771 INFO com.spe.mncManagement.controller.ProjectController [http-nio-8764-exec-5] returning list of completed projects for empID
2021-05-16 12:07:36,989 INFO com.spe.mncManagement.controller.ProjectController [http-nio-8764-exec-8] returning request status based on empID
2021-05-16 12:07:42,470 INFO com.spe.mncManagement.controller.ProjectController [http-nio-8764-exec-1] returning list of active projects for empID
2021-05-16 12:07:42,472 INFO com.spe.mncManagement.controller.ProjectController [http-nio-8764-exec-3] returning list of completed projects for empID
2021-05-16 12:07:46,320 INFO com.spe.mncManagement.controller.ProjectController [http-nio-8764-exec-5] returning list of available projects for empID
2021-05-16 14:52:49,234 INFO org.springframework.boot.StartupInfoLogger [main] Starting MncManagementApplicationTests using Java 11.0.11 on nupur with PID 32296 (started by nupur in /home/nupur/Desktop/SPE/mncManagement)
2021-05-16 14:52:49,238 INFO org.springframework.boot.SpringApplication [main] No active profile set, falling back to default profiles: default
2021-05-16 14:52:49,710 INFO org.springframework.data.repository.config.RepositoryConfigurationDelegate [main] Bootstrapping Spring Data JPA repositories in DEFAULT mode.
2021-05-16 14:52:49,776 INFO org.springframework.data.repository.config.RepositoryConfigurationDelegate [main] Finished Spring Data repository scanning in 59 ms. Found 5 JPA repository interfaces.
2021-05-16 14:52:50,271 INFO org.springframework.boot.web.embedded.tomcat.TomcatWebServer [main] Tomcat initialized with port(s): 0 (http)
2021-05-16 14:52:50,280 INFO org.apache.juli.logging.DirectJDKLog [main] Initializing ProtocolHandler ["http-nio-auto-1"]
2021-05-16 14:52:50,281 INFO org.apache.juli.logging.DirectJDKLog [main] Starting service [Tomcat]
2021-05-16 14:52:50,281 INFO org.apache.juli.logging.DirectJDKLog [main] Starting Servlet engine: [Apache Tomcat/9.0.45]
2021-05-16 14:52:50,283 INFO org.apache.juli.logging.DirectJDKLog [main] Loaded Apache Tomcat Native library [1.2.23] using APR version [1.6.5].
2021-05-16 14:52:50,284 INFO org.apache.juli.logging.DirectJDKLog [main] APR capabilities: IPv6 [true], sendfile [true], accept filters [false], random [true].
2021-05-16 14:52:50,284 INFO org.apache.juli.logging.DirectJDKLog [main] APR/OpenSSL configuration: useAprConnector [false], useOpenSSL [true]
2021-05-16 14:52:50,287 INFO org.apache.juli.logging.DirectJDKLog [main] OpenSSL successfully initialized [OpenSSL 1.1.1f  31 Mar 2020]
2021-05-16 14:52:50,353 INFO org.apache.juli.logging.DirectJDKLog [main] Initializing Spring embedded WebApplicationContext
2021-05-16 14:52:50,354 INFO org.springframework.boot.web.servlet.context.ServletWebServerApplicationContext [main] Root WebApplicationContext: initialization completed in 1097 ms
2021-05-16 14:52:51,161 INFO com.zaxxer.hikari.HikariDataSource [main] HikariPool-1 - Starting...
2021-05-16 14:52:51,427 INFO com.zaxxer.hikari.HikariDataSource [main] HikariPool-1 - Start completed.
2021-05-16 14:52:52,635 INFO org.springframework.scheduling.concurrent.ExecutorConfigurationSupport [main] Initializing ExecutorService 'applicationTaskExecutor'
2021-05-16 14:52:52,653 DEBUG org.springframework.web.servlet.mvc.method.annotation.RequestMappingHandlerAdapter [main] ControllerAdvice beans: 0 @ModelAttribute, 0 @InitBinder, 1 RequestBodyAdvice, 1 ResponseBodyAdvice
2021-05-16 14:52:52,747 DEBUG org.springframework.web.servlet.handler.AbstractHandlerMethodMapping [main] 23 mappings in 'requestMappingHandlerMapping'
2021-05-16 14:52:52,794 DEBUG org.springframework.web.servlet.handler.SimpleUrlHandlerMapping [main] Patterns [/webjars/**, /**] in 'resourceHandlerMapping'
2021-05-16 14:52:52,805 DEBUG org.springframework.web.servlet.mvc.method.annotation.ExceptionHandlerExceptionResolver [main] ControllerAdvice beans: 0 @ExceptionHandler, 1 ResponseBodyAdvice
2021-05-16 14:52:52,916 INFO org.apache.juli.logging.DirectJDKLog [main] Starting ProtocolHandler ["http-nio-auto-1"]
2021-05-16 14:52:52,927 INFO org.springframework.boot.web.embedded.tomcat.TomcatWebServer [main] Tomcat started on port(s): 35459 (http) with context path ''
2021-05-16 14:52:52,935 INFO org.springframework.boot.StartupInfoLogger [main] Started MncManagementApplicationTests in 4.102 seconds (JVM running for 4.934)
2021-05-16 14:52:53,180 INFO org.springframework.scheduling.concurrent.ExecutorConfigurationSupport [SpringContextShutdownHook] Shutting down ExecutorService 'applicationTaskExecutor'
